2019-03-26 15:37:04,729 - Log4JLogChute initialized using file 'velocity.log'
2019-03-26 15:37:04,730 - Initializing Velocity, Calling init()...
2019-03-26 15:37:04,730 - Starting Apache Velocity v1.7 (compiled: 2010-11-19 12:14:37)
2019-03-26 15:37:04,730 - Default Properties File: org\apache\velocity\runtime\defaults\velocity.properties
2019-03-26 15:37:04,730 - Trying to use logger class org.apache.velocity.runtime.log.AvalonLogChute
2019-03-26 15:37:04,730 - Target log system for org.apache.velocity.runtime.log.AvalonLogChute is not available (java.lang.NoClassDefFoundError: org/apache/log/Priority).  Falling back to next log system...
2019-03-26 15:37:04,730 - Trying to use logger class org.apache.velocity.runtime.log.Log4JLogChute
2019-03-26 15:37:04,730 - Using logger class org.apache.velocity.runtime.log.Log4JLogChute
2019-03-26 15:37:04,736 - ResourceLoader instantiated: org.apache.velocity.runtime.resource.loader.ClasspathResourceLoader
2019-03-26 15:37:04,748 - ResourceCache: initialized (class org.apache.velocity.runtime.resource.ResourceCacheImpl) with class java.util.Collections$SynchronizedMap cache map.
2019-03-26 15:37:04,751 - Loaded System Directive: org.apache.velocity.runtime.directive.Stop
2019-03-26 15:37:04,753 - Loaded System Directive: org.apache.velocity.runtime.directive.Define
2019-03-26 15:37:04,754 - Loaded System Directive: org.apache.velocity.runtime.directive.Break
2019-03-26 15:37:04,755 - Loaded System Directive: org.apache.velocity.runtime.directive.Evaluate
2019-03-26 15:37:04,756 - Loaded System Directive: org.apache.velocity.runtime.directive.Literal
2019-03-26 15:37:04,757 - Loaded System Directive: org.apache.velocity.runtime.directive.Macro
2019-03-26 15:37:04,759 - Loaded System Directive: org.apache.velocity.runtime.directive.Parse
2019-03-26 15:37:04,760 - Loaded System Directive: org.apache.velocity.runtime.directive.Include
2019-03-26 15:37:04,761 - Loaded System Directive: org.apache.velocity.runtime.directive.Foreach
2019-03-26 15:37:04,781 - Created '20' parsers.
2019-03-26 15:37:04,784 - Velocimacro : "velocimacro.library" is not set.  Trying default library: VM_global_library.vm
2019-03-26 15:37:04,786 - Could not load resource 'VM_global_library.vm' from ResourceLoader org.apache.velocity.runtime.resource.loader.ClasspathResourceLoader: ClasspathResourceLoader Error: cannot find resource VM_global_library.vm
2019-03-26 15:37:04,786 - Velocimacro : Default library not found.
2019-03-26 15:37:04,786 - Velocimacro : allowInline = true : VMs can be defined inline in templates
2019-03-26 15:37:04,786 - Velocimacro : allowInlineToOverride = false : VMs defined inline may NOT replace previous VM definitions
2019-03-26 15:37:04,787 - Velocimacro : allowInlineLocal = false : VMs defined inline will be global in scope if allowed.
2019-03-26 15:37:04,787 - Velocimacro : autoload off : VM system will not automatically reload global library macros
2019-03-26 15:37:04,812 - ResourceManager : found templates/common/generator/domain.java.vm with loader org.apache.velocity.runtime.resource.loader.ClasspathResourceLoader
2019-03-26 15:37:04,812 - ResourceManager : found templates/common/generator/domain.java.vm with loader org.apache.velocity.runtime.resource.loader.ClasspathResourceLoader
2019-03-26 15:37:04,839 - ResourceManager : found templates/common/generator/Dao.java.vm with loader org.apache.velocity.runtime.resource.loader.ClasspathResourceLoader
2019-03-26 15:37:04,839 - ResourceManager : found templates/common/generator/Dao.java.vm with loader org.apache.velocity.runtime.resource.loader.ClasspathResourceLoader
2019-03-26 15:37:04,856 - ResourceManager : found templates/common/generator/Mapper.xml.vm with loader org.apache.velocity.runtime.resource.loader.ClasspathResourceLoader
2019-03-26 15:37:04,857 - ResourceManager : found templates/common/generator/Mapper.xml.vm with loader org.apache.velocity.runtime.resource.loader.ClasspathResourceLoader
2019-03-26 15:37:04,867 - Null reference [template 'templates/common/generator/Mapper.xml.vm', line 19, column 26] : ${sort} cannot be resolved.
2019-03-26 15:37:04,867 - Null reference [template 'templates/common/generator/Mapper.xml.vm', line 19, column 34] : ${order} cannot be resolved.
2019-03-26 15:37:04,867 - Null reference [template 'templates/common/generator/Mapper.xml.vm', line 19, column 26] : ${sort} cannot be resolved.
2019-03-26 15:37:04,867 - Null reference [template 'templates/common/generator/Mapper.xml.vm', line 19, column 34] : ${order} cannot be resolved.
2019-03-26 15:37:04,873 - ResourceManager : found templates/common/generator/Service.java.vm with loader org.apache.velocity.runtime.resource.loader.ClasspathResourceLoader
2019-03-26 15:37:04,874 - ResourceManager : found templates/common/generator/Service.java.vm with loader org.apache.velocity.runtime.resource.loader.ClasspathResourceLoader
2019-03-26 15:37:04,877 - ResourceManager : found templates/common/generator/ServiceImpl.java.vm with loader org.apache.velocity.runtime.resource.loader.ClasspathResourceLoader
2019-03-26 15:37:04,878 - ResourceManager : found templates/common/generator/ServiceImpl.java.vm with loader org.apache.velocity.runtime.resource.loader.ClasspathResourceLoader
2019-03-26 15:37:04,883 - ResourceManager : found templates/common/generator/Controller.java.vm with loader org.apache.velocity.runtime.resource.loader.ClasspathResourceLoader
2019-03-26 15:37:04,883 - ResourceManager : found templates/common/generator/Controller.java.vm with loader org.apache.velocity.runtime.resource.loader.ClasspathResourceLoader
2019-03-26 15:37:04,886 - ResourceManager : found templates/common/generator/list.html.vm with loader org.apache.velocity.runtime.resource.loader.ClasspathResourceLoader
2019-03-26 15:37:04,886 - ResourceManager : found templates/common/generator/list.html.vm with loader org.apache.velocity.runtime.resource.loader.ClasspathResourceLoader
2019-03-26 15:37:04,888 - ResourceManager : found templates/common/generator/add.html.vm with loader org.apache.velocity.runtime.resource.loader.ClasspathResourceLoader
2019-03-26 15:37:04,889 - ResourceManager : found templates/common/generator/add.html.vm with loader org.apache.velocity.runtime.resource.loader.ClasspathResourceLoader
2019-03-26 15:37:04,891 - ResourceManager : found templates/common/generator/edit.html.vm with loader org.apache.velocity.runtime.resource.loader.ClasspathResourceLoader
2019-03-26 15:37:04,893 - ResourceManager : found templates/common/generator/edit.html.vm with loader org.apache.velocity.runtime.resource.loader.ClasspathResourceLoader
2019-03-26 15:37:04,895 - ResourceManager : found templates/common/generator/list.js.vm with loader org.apache.velocity.runtime.resource.loader.ClasspathResourceLoader
2019-03-26 15:37:04,897 - ResourceManager : found templates/common/generator/list.js.vm with loader org.apache.velocity.runtime.resource.loader.ClasspathResourceLoader
2019-03-26 15:37:04,897 - ResourceManager : found templates/common/generator/add.js.vm with loader org.apache.velocity.runtime.resource.loader.ClasspathResourceLoader
2019-03-26 15:37:04,898 - ResourceManager : found templates/common/generator/add.js.vm with loader org.apache.velocity.runtime.resource.loader.ClasspathResourceLoader
2019-03-26 15:37:04,899 - ResourceManager : found templates/common/generator/edit.js.vm with loader org.apache.velocity.runtime.resource.loader.ClasspathResourceLoader
2019-03-26 15:37:04,900 - ResourceManager : found templates/common/generator/edit.js.vm with loader org.apache.velocity.runtime.resource.loader.ClasspathResourceLoader
2019-04-03 09:39:44,157 - Log4JLogChute initialized using file 'velocity.log'
2019-04-03 09:39:44,157 - Initializing Velocity, Calling init()...
2019-04-03 09:39:44,158 - Starting Apache Velocity v1.7 (compiled: 2010-11-19 12:14:37)
2019-04-03 09:39:44,158 - Default Properties File: org\apache\velocity\runtime\defaults\velocity.properties
2019-04-03 09:39:44,158 - Trying to use logger class org.apache.velocity.runtime.log.AvalonLogChute
2019-04-03 09:39:44,158 - Target log system for org.apache.velocity.runtime.log.AvalonLogChute is not available (java.lang.NoClassDefFoundError: org/apache/log/Priority).  Falling back to next log system...
2019-04-03 09:39:44,158 - Trying to use logger class org.apache.velocity.runtime.log.Log4JLogChute
2019-04-03 09:39:44,158 - Using logger class org.apache.velocity.runtime.log.Log4JLogChute
2019-04-03 09:39:44,162 - ResourceLoader instantiated: org.apache.velocity.runtime.resource.loader.ClasspathResourceLoader
2019-04-03 09:39:44,171 - ResourceCache: initialized (class org.apache.velocity.runtime.resource.ResourceCacheImpl) with class java.util.Collections$SynchronizedMap cache map.
2019-04-03 09:39:44,174 - Loaded System Directive: org.apache.velocity.runtime.directive.Stop
2019-04-03 09:39:44,175 - Loaded System Directive: org.apache.velocity.runtime.directive.Define
2019-04-03 09:39:44,176 - Loaded System Directive: org.apache.velocity.runtime.directive.Break
2019-04-03 09:39:44,177 - Loaded System Directive: org.apache.velocity.runtime.directive.Evaluate
2019-04-03 09:39:44,178 - Loaded System Directive: org.apache.velocity.runtime.directive.Literal
2019-04-03 09:39:44,178 - Loaded System Directive: org.apache.velocity.runtime.directive.Macro
2019-04-03 09:39:44,179 - Loaded System Directive: org.apache.velocity.runtime.directive.Parse
2019-04-03 09:39:44,180 - Loaded System Directive: org.apache.velocity.runtime.directive.Include
2019-04-03 09:39:44,181 - Loaded System Directive: org.apache.velocity.runtime.directive.Foreach
2019-04-03 09:39:44,192 - Created '20' parsers.
2019-04-03 09:39:44,195 - Velocimacro : "velocimacro.library" is not set.  Trying default library: VM_global_library.vm
2019-04-03 09:39:44,196 - Could not load resource 'VM_global_library.vm' from ResourceLoader org.apache.velocity.runtime.resource.loader.ClasspathResourceLoader: ClasspathResourceLoader Error: cannot find resource VM_global_library.vm
2019-04-03 09:39:44,196 - Velocimacro : Default library not found.
2019-04-03 09:39:44,196 - Velocimacro : allowInline = true : VMs can be defined inline in templates
2019-04-03 09:39:44,196 - Velocimacro : allowInlineToOverride = false : VMs defined inline may NOT replace previous VM definitions
2019-04-03 09:39:44,196 - Velocimacro : allowInlineLocal = false : VMs defined inline will be global in scope if allowed.
2019-04-03 09:39:44,196 - Velocimacro : autoload off : VM system will not automatically reload global library macros
2019-04-03 09:39:44,214 - ResourceManager : found templates/common/generator/domain.java.vm with loader org.apache.velocity.runtime.resource.loader.ClasspathResourceLoader
2019-04-03 09:39:44,229 - ResourceManager : found templates/common/generator/Dao.java.vm with loader org.apache.velocity.runtime.resource.loader.ClasspathResourceLoader
2019-04-03 09:39:44,242 - ResourceManager : found templates/common/generator/Mapper.xml.vm with loader org.apache.velocity.runtime.resource.loader.ClasspathResourceLoader
2019-04-03 09:39:44,248 - Null reference [template 'templates/common/generator/Mapper.xml.vm', line 19, column 26] : ${sort} cannot be resolved.
2019-04-03 09:39:44,248 - Null reference [template 'templates/common/generator/Mapper.xml.vm', line 19, column 34] : ${order} cannot be resolved.
2019-04-03 09:39:44,252 - ResourceManager : found templates/common/generator/Service.java.vm with loader org.apache.velocity.runtime.resource.loader.ClasspathResourceLoader
2019-04-03 09:39:44,257 - ResourceManager : found templates/common/generator/ServiceImpl.java.vm with loader org.apache.velocity.runtime.resource.loader.ClasspathResourceLoader
2019-04-03 09:39:44,263 - ResourceManager : found templates/common/generator/Controller.java.vm with loader org.apache.velocity.runtime.resource.loader.ClasspathResourceLoader
2019-04-03 09:39:44,266 - ResourceManager : found templates/common/generator/list.html.vm with loader org.apache.velocity.runtime.resource.loader.ClasspathResourceLoader
2019-04-03 09:39:44,269 - ResourceManager : found templates/common/generator/add.html.vm with loader org.apache.velocity.runtime.resource.loader.ClasspathResourceLoader
2019-04-03 09:39:44,272 - ResourceManager : found templates/common/generator/edit.html.vm with loader org.apache.velocity.runtime.resource.loader.ClasspathResourceLoader
2019-04-03 09:39:44,276 - ResourceManager : found templates/common/generator/list.js.vm with loader org.apache.velocity.runtime.resource.loader.ClasspathResourceLoader
2019-04-03 09:39:44,278 - ResourceManager : found templates/common/generator/add.js.vm with loader org.apache.velocity.runtime.resource.loader.ClasspathResourceLoader
2019-04-03 09:39:44,280 - ResourceManager : found templates/common/generator/edit.js.vm with loader org.apache.velocity.runtime.resource.loader.ClasspathResourceLoader
